<?xml version="1.0" encoding="UTF-8"?>
<!-- Generated by org.testng.reporters.JUnitReportReporter -->
<testsuite hostname="LAPTOP-7Q013FQD" failures="0" tests="1" name="Runner.TestRunner" time="0.294" errors="0" timestamp="07 Jun 2025 06:54:23 GMT" skipped="1">
  <testcase classname="Runner.TestRunner" name="runScenario" time="0.294">
    <skipped/>
  </testcase> <!-- runScenario -->
</testsuite> <!-- Runner.TestRunner -->
